<?xml version="1.0" encoding="UTF-8"?>
<coverage generated="1568658877004" clover="3.2.0">
  <project timestamp="1568658877004" name="All files">
    <metrics statements="88" coveredstatements="51" conditionals="2" coveredconditionals="0" methods="30" coveredmethods="3" elements="120" coveredelements="54" complexity="0" loc="88" ncloc="88" packages="4" files="8" classes="8">
      <package name="src">
        <metrics statements="9" coveredstatements="9" conditionals="0" coveredconditionals="0" methods="3" coveredmethods="3"/>
        <file name="app.controller.ts" path="/home/tocha/develop/wilpride_el_diagram/api/src/app.controller.ts">
          <metrics statements="6" coveredstatements="6" conditionals="0" coveredconditionals="0" methods="2" coveredmethods="2"/>
          <line num="1" count="1" type="stmt"/>
          <line num="2" count="1" type="stmt"/>
          <line num="5" count="1" type="stmt"/>
          <line num="6" count="1" type="stmt"/>
          <line num="9" count="1" type="stmt"/>
          <line num="10" count="1" type="stmt"/>
        </file>
        <file name="app.service.ts" path="/home/tocha/develop/wilpride_el_diagram/api/src/app.service.ts">
          <metrics statements="3" coveredstatements="3" conditionals="0" coveredconditionals="0" methods="1" coveredmethods="1"/>
          <line num="1" count="1" type="stmt"/>
          <line num="4" count="1" type="stmt"/>
          <line num="6" count="1" type="stmt"/>
        </file>
      </package>
      <package name="src.connection">
        <metrics statements="30" coveredstatements="19" conditionals="0" coveredconditionals="0" methods="11" coveredmethods="0"/>
        <file name="connection.controller.ts" path="/home/tocha/develop/wilpride_el_diagram/api/src/connection/connection.controller.ts">
          <metrics statements="13" coveredstatements="8" conditionals="0" coveredconditionals="0" methods="5" coveredmethods="0"/>
          <line num="1" count="1" type="stmt"/>
          <line num="2" count="1" type="stmt"/>
          <line num="3" count="1" type="stmt"/>
          <line num="6" count="1" type="stmt"/>
          <line num="7" count="0" type="stmt"/>
          <line num="9" count="1" type="stmt"/>
          <line num="10" count="0" type="stmt"/>
          <line num="13" count="1" type="stmt"/>
          <line num="14" count="0" type="stmt"/>
          <line num="17" count="1" type="stmt"/>
          <line num="18" count="0" type="stmt"/>
          <line num="21" count="1" type="stmt"/>
          <line num="22" count="0" type="stmt"/>
        </file>
        <file name="connection.entity.ts" path="/home/tocha/develop/wilpride_el_diagram/api/src/connection/connection.entity.ts">
          <metrics statements="7" coveredstatements="6" conditionals="0" coveredconditionals="0" methods="2" coveredmethods="0"/>
          <line num="1" count="6" type="stmt"/>
          <line num="8" count="6" type="stmt"/>
          <line num="11" count="6" type="stmt"/>
          <line num="13" count="6" type="stmt"/>
          <line num="16" count="6" type="stmt"/>
          <line num="17" count="0" type="stmt"/>
          <line num="18" count="6" type="stmt"/>
        </file>
        <file name="connection.service.ts" path="/home/tocha/develop/wilpride_el_diagram/api/src/connection/connection.service.ts">
          <metrics statements="10" coveredstatements="5" conditionals="0" coveredconditionals="0" methods="4" coveredmethods="0"/>
          <line num="1" count="2" type="stmt"/>
          <line num="2" count="2" type="stmt"/>
          <line num="3" count="2" type="stmt"/>
          <line num="4" count="2" type="stmt"/>
          <line num="7" count="2" type="stmt"/>
          <line num="10" count="0" type="stmt"/>
          <line num="14" count="0" type="stmt"/>
          <line num="18" count="0" type="stmt"/>
          <line num="19" count="0" type="stmt"/>
          <line num="22" count="0" type="stmt"/>
        </file>
      </package>
      <package name="src.element">
        <metrics statements="42" coveredstatements="17" conditionals="2" coveredconditionals="0" methods="14" coveredmethods="0"/>
        <file name="element.controller.ts" path="/home/tocha/develop/wilpride_el_diagram/api/src/element/element.controller.ts">
          <metrics statements="17" coveredstatements="10" conditionals="0" coveredconditionals="0" methods="7" coveredmethods="0"/>
          <line num="1" count="1" type="stmt"/>
          <line num="10" count="1" type="stmt"/>
          <line num="11" count="1" type="stmt"/>
          <line num="14" count="1" type="stmt"/>
          <line num="15" count="0" type="stmt"/>
          <line num="17" count="1" type="stmt"/>
          <line num="18" count="0" type="stmt"/>
          <line num="22" count="1" type="stmt"/>
          <line num="23" count="0" type="stmt"/>
          <line num="27" count="1" type="stmt"/>
          <line num="28" count="0" type="stmt"/>
          <line num="32" count="1" type="stmt"/>
          <line num="33" count="0" type="stmt"/>
          <line num="37" count="1" type="stmt"/>
          <line num="38" count="0" type="stmt"/>
          <line num="42" count="1" type="stmt"/>
          <line num="43" count="0" type="stmt"/>
        </file>
        <file name="element.service.ts" path="/home/tocha/develop/wilpride_el_diagram/api/src/element/element.service.ts">
          <metrics statements="25" coveredstatements="7" conditionals="2" coveredconditionals="0" methods="7" coveredmethods="0"/>
          <line num="1" count="2" type="stmt"/>
          <line num="2" count="2" type="stmt"/>
          <line num="3" count="2" type="stmt"/>
          <line num="4" count="2" type="stmt"/>
          <line num="5" count="2" type="stmt"/>
          <line num="8" count="2" type="stmt"/>
          <line num="11" count="2" type="stmt"/>
          <line num="14" count="0" type="stmt"/>
          <line num="16" count="0" type="stmt"/>
          <line num="19" count="0" type="stmt"/>
          <line num="24" count="0" type="stmt"/>
          <line num="25" count="0" type="stmt"/>
          <line num="31" count="0" type="stmt"/>
          <line num="34" count="0" type="stmt"/>
          <line num="35" count="0" type="stmt"/>
          <line num="41" count="0" type="cond" truecount="0" falsecount="2"/>
          <line num="42" count="0" type="stmt"/>
          <line num="44" count="0" type="stmt"/>
          <line num="49" count="0" type="stmt"/>
          <line num="52" count="0" type="stmt"/>
          <line num="53" count="0" type="stmt"/>
          <line num="57" count="0" type="stmt"/>
          <line num="58" count="0" type="stmt"/>
          <line num="61" count="0" type="stmt"/>
          <line num="62" count="0" type="stmt"/>
        </file>
      </package>
      <package name="src.element.entity">
        <metrics statements="7" coveredstatements="6" conditionals="0" coveredconditionals="0" methods="2" coveredmethods="0"/>
        <file name="element.entity.ts" path="/home/tocha/develop/wilpride_el_diagram/api/src/element/entity/element.entity.ts">
          <metrics statements="7" coveredstatements="6" conditionals="0" coveredconditionals="0" methods="2" coveredmethods="0"/>
          <line num="1" count="6" type="stmt"/>
          <line num="8" count="6" type="stmt"/>
          <line num="11" count="6" type="stmt"/>
          <line num="13" count="6" type="stmt"/>
          <line num="16" count="6" type="stmt"/>
          <line num="18" count="0" type="stmt"/>
          <line num="20" count="6" type="stmt"/>
        </file>
      </package>
    </metrics>
  </project>
</coverage>
