{"/home/tocha/develop/wilpride_el_diagram/api/src/app.controller.ts": {"path":"/home/tocha/develop/wilpride_el_diagram/api/src/app.controller.ts","statementMap":{"0":{"start":{"line":1,"column":0},"end":{"line":1,"column":48}},"1":{"start":{"line":2,"column":0},"end":{"line":2,"column":42}},"2":{"start":{"line":5,"column":0},"end":{"line":12,"column":1}},"3":{"start":{"line":6,"column":31},"end":{"line":6,"column":53}},"4":{"start":{"line":10,"column":4},"end":{"line":10,"column":38}},"5":{"start":{"line":9,"column":2},"end":{"line":11,"column":3}},"6":{"start":{"line":5,"column":13},"end":{"line":12,"column":1}},"7":{"start":{"line":5,"column":13},"end":{"line":5,"column":26}}},"fnMap":{"0":{"name":"(anonymous_2)","decl":{"start":{"line":6,"column":2},"end":{"line":6,"column":30}},"loc":{"start":{"line":6,"column":53},"end":{"line":6,"column":57}}},"1":{"name":"(anonymous_3)","decl":{"start":{"line":9,"column":2},"end":{"line":9,"column":9}},"loc":{"start":{"line":9,"column":10},"end":{"line":11,"column":3}}}},"branchMap":{},"s":{"0":1,"1":1,"2":1,"3":1,"4":1,"5":1,"6":1,"7":1},"f":{"0":1,"1":1},"b":{}}
,"/home/tocha/develop/wilpride_el_diagram/api/src/app.service.ts": {"path":"/home/tocha/develop/wilpride_el_diagram/api/src/app.service.ts","statementMap":{"0":{"start":{"line":1,"column":0},"end":{"line":1,"column":43}},"1":{"start":{"line":4,"column":0},"end":{"line":8,"column":1}},"2":{"start":{"line":6,"column":4},"end":{"line":6,"column":26}},"3":{"start":{"line":4,"column":13},"end":{"line":8,"column":1}},"4":{"start":{"line":4,"column":13},"end":{"line":4,"column":23}}},"fnMap":{"0":{"name":"(anonymous_1)","decl":{"start":{"line":5,"column":2},"end":{"line":5,"column":9}},"loc":{"start":{"line":5,"column":10},"end":{"line":7,"column":3}}}},"branchMap":{},"s":{"0":1,"1":1,"2":1,"3":1,"4":1},"f":{"0":1},"b":{}}
,"/home/tocha/develop/wilpride_el_diagram/api/src/connection/connection.controller.ts": {"path":"/home/tocha/develop/wilpride_el_diagram/api/src/connection/connection.controller.ts","statementMap":{"0":{"start":{"line":1,"column":0},"end":{"line":1,"column":75}},"1":{"start":{"line":2,"column":0},"end":{"line":2,"column":56}},"2":{"start":{"line":3,"column":0},"end":{"line":3,"column":48}},"3":{"start":{"line":6,"column":0},"end":{"line":24,"column":1}},"4":{"start":{"line":7,"column":38},"end":{"line":7,"column":74}},"5":{"start":{"line":10,"column":4},"end":{"line":10,"column":24}},"6":{"start":{"line":14,"column":4},"end":{"line":14,"column":43}},"7":{"start":{"line":18,"column":4},"end":{"line":18,"column":63}},"8":{"start":{"line":22,"column":4},"end":{"line":22,"column":55}},"9":{"start":{"line":9,"column":2},"end":{"line":11,"column":3}},"10":{"start":{"line":13,"column":2},"end":{"line":15,"column":3}},"11":{"start":{"line":17,"column":2},"end":{"line":19,"column":3}},"12":{"start":{"line":21,"column":2},"end":{"line":23,"column":3}},"13":{"start":{"line":6,"column":13},"end":{"line":24,"column":1}},"14":{"start":{"line":6,"column":13},"end":{"line":6,"column":33}}},"fnMap":{"0":{"name":"(anonymous_4)","decl":{"start":{"line":7,"column":2},"end":{"line":7,"column":37}},"loc":{"start":{"line":7,"column":74},"end":{"line":7,"column":78}}},"1":{"name":"(anonymous_5)","decl":{"start":{"line":9,"column":9},"end":{"line":9,"column":12}},"loc":{"start":{"line":9,"column":13},"end":{"line":11,"column":3}}},"2":{"name":"(anonymous_6)","decl":{"start":{"line":13,"column":9},"end":{"line":13,"column":24}},"loc":{"start":{"line":13,"column":25},"end":{"line":15,"column":3}}},"3":{"name":"(anonymous_7)","decl":{"start":{"line":17,"column":9},"end":{"line":17,"column":24}},"loc":{"start":{"line":17,"column":56},"end":{"line":19,"column":3}}},"4":{"name":"(anonymous_8)","decl":{"start":{"line":21,"column":9},"end":{"line":21,"column":24}},"loc":{"start":{"line":21,"column":41},"end":{"line":23,"column":3}}}},"branchMap":{},"s":{"0":1,"1":1,"2":1,"3":1,"4":0,"5":0,"6":0,"7":0,"8":0,"9":1,"10":1,"11":1,"12":1,"13":1,"14":1},"f":{"0":0,"1":0,"2":0,"3":0,"4":0},"b":{}}
,"/home/tocha/develop/wilpride_el_diagram/api/src/connection/connection.entity.ts": {"path":"/home/tocha/develop/wilpride_el_diagram/api/src/connection/connection.entity.ts","statementMap":{"0":{"start":{"line":1,"column":0},"end":{"line":7,"column":16}},"1":{"start":{"line":8,"column":0},"end":{"line":8,"column":58}},"2":{"start":{"line":11,"column":0},"end":{"line":19,"column":1}},"3":{"start":{"line":13,"column":2},"end":{"line":13,"column":13}},"4":{"start":{"line":16,"column":2},"end":{"line":16,"column":16}},"5":{"start":{"line":18,"column":2},"end":{"line":18,"column":22}},"6":{"start":{"line":17,"column":22},"end":{"line":17,"column":29}},"7":{"start":{"line":17,"column":42},"end":{"line":17,"column":60}},"8":{"start":{"line":11,"column":13},"end":{"line":19,"column":1}},"9":{"start":{"line":11,"column":13},"end":{"line":11,"column":23}}},"fnMap":{"0":{"name":"(anonymous_2)","decl":{"start":{"line":17,"column":14},"end":{"line":17,"column":17}},"loc":{"start":{"line":17,"column":22},"end":{"line":17,"column":29}}},"1":{"name":"(anonymous_3)","decl":{"start":{"line":17,"column":31},"end":{"line":17,"column":37}},"loc":{"start":{"line":17,"column":42},"end":{"line":17,"column":60}}}},"branchMap":{},"s":{"0":6,"1":6,"2":6,"3":6,"4":6,"5":6,"6":0,"7":0,"8":6,"9":6},"f":{"0":0,"1":0},"b":{}}
,"/home/tocha/develop/wilpride_el_diagram/api/src/connection/connection.service.ts": {"path":"/home/tocha/develop/wilpride_el_diagram/api/src/connection/connection.service.ts","statementMap":{"0":{"start":{"line":1,"column":0},"end":{"line":1,"column":43}},"1":{"start":{"line":2,"column":0},"end":{"line":2,"column":50}},"2":{"start":{"line":3,"column":0},"end":{"line":3,"column":48}},"3":{"start":{"line":4,"column":0},"end":{"line":4,"column":64}},"4":{"start":{"line":7,"column":0},"end":{"line":24,"column":1}},"5":{"start":{"line":10,"column":21},"end":{"line":10,"column":65}},"6":{"start":{"line":14,"column":4},"end":{"line":14,"column":62}},"7":{"start":{"line":18,"column":38},"end":{"line":18,"column":76}},"8":{"start":{"line":19,"column":4},"end":{"line":19,"column":23}},"9":{"start":{"line":22,"column":4},"end":{"line":22,"column":54}},"10":{"start":{"line":7,"column":13},"end":{"line":24,"column":1}},"11":{"start":{"line":7,"column":13},"end":{"line":7,"column":30}}},"fnMap":{"0":{"name":"(anonymous_10)","decl":{"start":{"line":8,"column":2},"end":{"line":10,"column":20}},"loc":{"start":{"line":10,"column":65},"end":{"line":11,"column":6}}},"1":{"name":"(anonymous_11)","decl":{"start":{"line":13,"column":8},"end":{"line":13,"column":23}},"loc":{"start":{"line":13,"column":47},"end":{"line":15,"column":3}}},"2":{"name":"(anonymous_13)","decl":{"start":{"line":17,"column":8},"end":{"line":17,"column":13}},"loc":{"start":{"line":17,"column":14},"end":{"line":20,"column":3}}},"3":{"name":"(anonymous_15)","decl":{"start":{"line":21,"column":8},"end":{"line":21,"column":23}},"loc":{"start":{"line":21,"column":35},"end":{"line":23,"column":3}}}},"branchMap":{},"s":{"0":2,"1":2,"2":2,"3":2,"4":2,"5":0,"6":0,"7":0,"8":0,"9":0,"10":2,"11":2},"f":{"0":0,"1":0,"2":0,"3":0},"b":{}}
,"/home/tocha/develop/wilpride_el_diagram/api/src/element/element.controller.ts": {"path":"/home/tocha/develop/wilpride_el_diagram/api/src/element/element.controller.ts","statementMap":{"0":{"start":{"line":1,"column":0},"end":{"line":9,"column":23}},"1":{"start":{"line":10,"column":0},"end":{"line":10,"column":50}},"2":{"start":{"line":11,"column":0},"end":{"line":11,"column":49}},"3":{"start":{"line":14,"column":0},"end":{"line":45,"column":1}},"4":{"start":{"line":15,"column":31},"end":{"line":15,"column":61}},"5":{"start":{"line":18,"column":4},"end":{"line":18,"column":44}},"6":{"start":{"line":23,"column":4},"end":{"line":23,"column":54}},"7":{"start":{"line":28,"column":4},"end":{"line":28,"column":54}},"8":{"start":{"line":33,"column":4},"end":{"line":33,"column":65}},"9":{"start":{"line":38,"column":4},"end":{"line":38,"column":77}},"10":{"start":{"line":43,"column":4},"end":{"line":43,"column":49}},"11":{"start":{"line":17,"column":2},"end":{"line":19,"column":3}},"12":{"start":{"line":22,"column":2},"end":{"line":24,"column":3}},"13":{"start":{"line":27,"column":2},"end":{"line":29,"column":3}},"14":{"start":{"line":32,"column":2},"end":{"line":34,"column":3}},"15":{"start":{"line":37,"column":2},"end":{"line":39,"column":3}},"16":{"start":{"line":42,"column":2},"end":{"line":44,"column":3}},"17":{"start":{"line":14,"column":13},"end":{"line":45,"column":1}},"18":{"start":{"line":14,"column":13},"end":{"line":14,"column":30}}},"fnMap":{"0":{"name":"(anonymous_4)","decl":{"start":{"line":15,"column":2},"end":{"line":15,"column":30}},"loc":{"start":{"line":15,"column":61},"end":{"line":15,"column":65}}},"1":{"name":"(anonymous_5)","decl":{"start":{"line":17,"column":9},"end":{"line":17,"column":18}},"loc":{"start":{"line":17,"column":19},"end":{"line":19,"column":3}}},"2":{"name":"(anonymous_6)","decl":{"start":{"line":22,"column":9},"end":{"line":22,"column":19}},"loc":{"start":{"line":22,"column":36},"end":{"line":24,"column":3}}},"3":{"name":"(anonymous_7)","decl":{"start":{"line":27,"column":9},"end":{"line":27,"column":21}},"loc":{"start":{"line":27,"column":47},"end":{"line":29,"column":3}}},"4":{"name":"(anonymous_8)","decl":{"start":{"line":32,"column":9},"end":{"line":32,"column":21}},"loc":{"start":{"line":32,"column":64},"end":{"line":34,"column":3}}},"5":{"name":"(anonymous_9)","decl":{"start":{"line":37,"column":9},"end":{"line":37,"column":21}},"loc":{"start":{"line":37,"column":64},"end":{"line":39,"column":3}}},"6":{"name":"(anonymous_10)","decl":{"start":{"line":42,"column":9},"end":{"line":42,"column":21}},"loc":{"start":{"line":42,"column":38},"end":{"line":44,"column":3}}}},"branchMap":{},"s":{"0":1,"1":1,"2":1,"3":1,"4":0,"5":0,"6":0,"7":0,"8":0,"9":0,"10":0,"11":1,"12":1,"13":1,"14":1,"15":1,"16":1,"17":1,"18":1},"f":{"0":0,"1":0,"2":0,"3":0,"4":0,"5":0,"6":0},"b":{}}
,"/home/tocha/develop/wilpride_el_diagram/api/src/element/element.service.ts": {"path":"/home/tocha/develop/wilpride_el_diagram/api/src/element/element.service.ts","statementMap":{"0":{"start":{"line":1,"column":0},"end":{"line":1,"column":43}},"1":{"start":{"line":2,"column":0},"end":{"line":2,"column":50}},"2":{"start":{"line":3,"column":0},"end":{"line":3,"column":72}},"3":{"start":{"line":4,"column":0},"end":{"line":4,"column":49}},"4":{"start":{"line":5,"column":0},"end":{"line":5,"column":60}},"5":{"start":{"line":8,"column":0},"end":{"line":8,"column":71}},"6":{"start":{"line":11,"column":0},"end":{"line":64,"column":1}},"7":{"start":{"line":14,"column":21},"end":{"line":14,"column":59}},"8":{"start":{"line":16,"column":21},"end":{"line":16,"column":65}},"9":{"start":{"line":19,"column":4},"end":{"line":19,"column":21}},"10":{"start":{"line":24,"column":26},"end":{"line":24,"column":56}},"11":{"start":{"line":25,"column":4},"end":{"line":28,"column":6}},"12":{"start":{"line":31,"column":4},"end":{"line":33,"column":6}},"13":{"start":{"line":34,"column":4},"end":{"line":34,"column":63}},"14":{"start":{"line":35,"column":4},"end":{"line":35,"column":30}},"15":{"start":{"line":41,"column":4},"end":{"line":45,"column":5}},"16":{"start":{"line":42,"column":6},"end":{"line":42,"column":56}},"17":{"start":{"line":44,"column":6},"end":{"line":44,"column":19}},"18":{"start":{"line":49,"column":24},"end":{"line":49,"column":58}},"19":{"start":{"line":52,"column":4},"end":{"line":52,"column":41}},"20":{"start":{"line":53,"column":4},"end":{"line":53,"column":34}},"21":{"start":{"line":57,"column":29},"end":{"line":57,"column":69}},"22":{"start":{"line":58,"column":4},"end":{"line":58,"column":19}},"23":{"start":{"line":61,"column":35},"end":{"line":61,"column":61}},"24":{"start":{"line":62,"column":4},"end":{"line":62,"column":62}},"25":{"start":{"line":11,"column":13},"end":{"line":64,"column":1}},"26":{"start":{"line":11,"column":13},"end":{"line":11,"column":27}}},"fnMap":{"0":{"name":"(anonymous_10)","decl":{"start":{"line":12,"column":2},"end":{"line":14,"column":20}},"loc":{"start":{"line":16,"column":65},"end":{"line":17,"column":6}}},"1":{"name":"(anonymous_11)","decl":{"start":{"line":18,"column":2},"end":{"line":18,"column":11}},"loc":{"start":{"line":18,"column":12},"end":{"line":20,"column":3}}},"2":{"name":"(anonymous_12)","decl":{"start":{"line":21,"column":8},"end":{"line":21,"column":20}},"loc":{"start":{"line":21,"column":38},"end":{"line":36,"column":3}}},"3":{"name":"(anonymous_14)","decl":{"start":{"line":38,"column":8},"end":{"line":38,"column":20}},"loc":{"start":{"line":38,"column":50},"end":{"line":46,"column":3}}},"4":{"name":"(anonymous_16)","decl":{"start":{"line":48,"column":8},"end":{"line":48,"column":32}},"loc":{"start":{"line":48,"column":74},"end":{"line":54,"column":3}}},"5":{"name":"(anonymous_18)","decl":{"start":{"line":56,"column":8},"end":{"line":56,"column":18}},"loc":{"start":{"line":56,"column":30},"end":{"line":59,"column":3}}},"6":{"name":"(anonymous_20)","decl":{"start":{"line":60,"column":8},"end":{"line":60,"column":20}},"loc":{"start":{"line":60,"column":32},"end":{"line":63,"column":3}}}},"branchMap":{"0":{"loc":{"start":{"line":41,"column":4},"end":{"line":45,"column":5}},"type":"if","locations":[{"start":{"line":41,"column":4},"end":{"line":45,"column":5}},{"start":{"line":41,"column":4},"end":{"line":45,"column":5}}]}},"s":{"0":2,"1":2,"2":2,"3":2,"4":2,"5":2,"6":2,"7":0,"8":0,"9":0,"10":0,"11":0,"12":0,"13":0,"14":0,"15":0,"16":0,"17":0,"18":0,"19":0,"20":0,"21":0,"22":0,"23":0,"24":0,"25":2,"26":2},"f":{"0":0,"1":0,"2":0,"3":0,"4":0,"5":0,"6":0},"b":{"0":[0,0]}}
,"/home/tocha/develop/wilpride_el_diagram/api/src/element/entity/element.entity.ts": {"path":"/home/tocha/develop/wilpride_el_diagram/api/src/element/entity/element.entity.ts","statementMap":{"0":{"start":{"line":1,"column":0},"end":{"line":7,"column":16}},"1":{"start":{"line":8,"column":0},"end":{"line":8,"column":63}},"2":{"start":{"line":11,"column":0},"end":{"line":21,"column":1}},"3":{"start":{"line":13,"column":2},"end":{"line":13,"column":13}},"4":{"start":{"line":16,"column":2},"end":{"line":16,"column":15}},"5":{"start":{"line":20,"column":2},"end":{"line":20,"column":27}},"6":{"start":{"line":18,"column":22},"end":{"line":18,"column":32}},"7":{"start":{"line":18,"column":48},"end":{"line":18,"column":66}},"8":{"start":{"line":11,"column":13},"end":{"line":21,"column":1}},"9":{"start":{"line":11,"column":13},"end":{"line":11,"column":20}}},"fnMap":{"0":{"name":"(anonymous_2)","decl":{"start":{"line":18,"column":14},"end":{"line":18,"column":17}},"loc":{"start":{"line":18,"column":22},"end":{"line":18,"column":32}}},"1":{"name":"(anonymous_3)","decl":{"start":{"line":18,"column":34},"end":{"line":18,"column":43}},"loc":{"start":{"line":18,"column":48},"end":{"line":18,"column":66}}}},"branchMap":{},"s":{"0":6,"1":6,"2":6,"3":6,"4":6,"5":6,"6":0,"7":0,"8":6,"9":6},"f":{"0":0,"1":0},"b":{}}
}
