TN:
SF:/home/tocha/develop/wilpride_el_diagram/api/src/app.controller.ts
FN:6,(anonymous_2)
FN:9,(anonymous_3)
FNF:2
FNH:2
FNDA:1,(anonymous_2)
FNDA:1,(anonymous_3)
DA:1,1
DA:2,1
DA:5,1
DA:6,1
DA:9,1
DA:10,1
LF:6
LH:6
BRF:0
BRH:0
end_of_record
TN:
SF:/home/tocha/develop/wilpride_el_diagram/api/src/app.service.ts
FN:5,(anonymous_1)
FNF:1
FNH:1
FNDA:1,(anonymous_1)
DA:1,1
DA:4,1
DA:6,1
LF:3
LH:3
BRF:0
BRH:0
end_of_record
TN:
SF:/home/tocha/develop/wilpride_el_diagram/api/src/connection/connection.controller.ts
FN:7,(anonymous_4)
FN:9,(anonymous_5)
FN:13,(anonymous_6)
FN:17,(anonymous_7)
FN:21,(anonymous_8)
FNF:5
FNH:0
FNDA:0,(anonymous_4)
FNDA:0,(anonymous_5)
FNDA:0,(anonymous_6)
FNDA:0,(anonymous_7)
FNDA:0,(anonymous_8)
DA:1,1
DA:2,1
DA:3,1
DA:6,1
DA:7,0
DA:9,1
DA:10,0
DA:13,1
DA:14,0
DA:17,1
DA:18,0
DA:21,1
DA:22,0
LF:13
LH:8
BRF:0
BRH:0
end_of_record
TN:
SF:/home/tocha/develop/wilpride_el_diagram/api/src/connection/connection.entity.ts
FN:17,(anonymous_2)
FN:17,(anonymous_3)
FNF:2
FNH:0
FNDA:0,(anonymous_2)
FNDA:0,(anonymous_3)
DA:1,6
DA:8,6
DA:11,6
DA:13,6
DA:16,6
DA:17,0
DA:18,6
LF:7
LH:6
BRF:0
BRH:0
end_of_record
TN:
SF:/home/tocha/develop/wilpride_el_diagram/api/src/connection/connection.service.ts
FN:8,(anonymous_10)
FN:13,(anonymous_11)
FN:17,(anonymous_13)
FN:21,(anonymous_15)
FNF:4
FNH:0
FNDA:0,(anonymous_10)
FNDA:0,(anonymous_11)
FNDA:0,(anonymous_13)
FNDA:0,(anonymous_15)
DA:1,2
DA:2,2
DA:3,2
DA:4,2
DA:7,2
DA:10,0
DA:14,0
DA:18,0
DA:19,0
DA:22,0
LF:10
LH:5
BRF:0
BRH:0
end_of_record
TN:
SF:/home/tocha/develop/wilpride_el_diagram/api/src/element/element.controller.ts
FN:15,(anonymous_4)
FN:17,(anonymous_5)
FN:22,(anonymous_6)
FN:27,(anonymous_7)
FN:32,(anonymous_8)
FN:37,(anonymous_9)
FN:42,(anonymous_10)
FNF:7
FNH:0
FNDA:0,(anonymous_4)
FNDA:0,(anonymous_5)
FNDA:0,(anonymous_6)
FNDA:0,(anonymous_7)
FNDA:0,(anonymous_8)
FNDA:0,(anonymous_9)
FNDA:0,(anonymous_10)
DA:1,1
DA:10,1
DA:11,1
DA:14,1
DA:15,0
DA:17,1
DA:18,0
DA:22,1
DA:23,0
DA:27,1
DA:28,0
DA:32,1
DA:33,0
DA:37,1
DA:38,0
DA:42,1
DA:43,0
LF:17
LH:10
BRF:0
BRH:0
end_of_record
TN:
SF:/home/tocha/develop/wilpride_el_diagram/api/src/element/element.service.ts
FN:12,(anonymous_10)
FN:18,(anonymous_11)
FN:21,(anonymous_12)
FN:38,(anonymous_14)
FN:48,(anonymous_16)
FN:56,(anonymous_18)
FN:60,(anonymous_20)
FNF:7
FNH:0
FNDA:0,(anonymous_10)
FNDA:0,(anonymous_11)
FNDA:0,(anonymous_12)
FNDA:0,(anonymous_14)
FNDA:0,(anonymous_16)
FNDA:0,(anonymous_18)
FNDA:0,(anonymous_20)
DA:1,2
DA:2,2
DA:3,2
DA:4,2
DA:5,2
DA:8,2
DA:11,2
DA:14,0
DA:16,0
DA:19,0
DA:24,0
DA:25,0
DA:31,0
DA:34,0
DA:35,0
DA:41,0
DA:42,0
DA:44,0
DA:49,0
DA:52,0
DA:53,0
DA:57,0
DA:58,0
DA:61,0
DA:62,0
LF:25
LH:7
BRDA:41,0,0,0
BRDA:41,0,1,0
BRF:2
BRH:0
end_of_record
TN:
SF:/home/tocha/develop/wilpride_el_diagram/api/src/element/entity/element.entity.ts
FN:18,(anonymous_2)
FN:18,(anonymous_3)
FNF:2
FNH:0
FNDA:0,(anonymous_2)
FNDA:0,(anonymous_3)
DA:1,6
DA:8,6
DA:11,6
DA:13,6
DA:16,6
DA:18,0
DA:20,6
LF:7
LH:6
BRF:0
BRH:0
end_of_record
